2022-12-21 13:02:14.279  INFO 8344 --- [restartedMain] M.TaskManagerApplication                 : Starting TaskManagerApplication using Java 19.0.1 on DESKTOP-Q0ML80S with PID 8344 (C:\Users\DalalY\SpringBootProjects\TaskManagerTask\target\classes started by DalalY in C:\Users\DalalY\SpringBootProjects\TaskManagerTask)
2022-12-21 13:02:14.280  INFO 8344 --- [restartedMain] M.TaskManagerApplication                 : No active profile set, falling back to default profiles: default
2022-12-21 13:02:14.335  INFO 8344 --- [restartedMain] .e.DevToolsPropertyDefaultsPostProcessor : Devtools property defaults active! Set 'spring.devtools.add-properties' to 'false' to disable
2022-12-21 13:02:14.335  INFO 8344 --- [restartedMain] .e.DevToolsPropertyDefaultsPostProcessor : For additional web related logging consider setting the 'logging.level.web' property to 'DEBUG'
2022-12-21 13:02:14.929  INFO 8344 --- [restartedMain] .s.d.r.c.RepositoryConfigurationDelegate : Bootstrapping Spring Data JPA repositories in DEFAULT mode.
2022-12-21 13:02:14.998  INFO 8344 --- [restartedMain] .s.d.r.c.RepositoryConfigurationDelegate : Finished Spring Data repository scanning in 60 ms. Found 2 JPA repository interfaces.
2022-12-21 13:02:15.650  INFO 8344 --- [restartedMain] o.s.b.w.embedded.tomcat.TomcatWebServer  : Tomcat initialized with port(s): 8080 (http)
2022-12-21 13:02:15.660  INFO 8344 --- [restartedMain] o.apache.catalina.core.StandardService   : Starting service [Tomcat]
2022-12-21 13:02:15.661  INFO 8344 --- [restartedMain] org.apache.catalina.core.StandardEngine  : Starting Servlet engine: [Apache Tomcat/9.0.46]
2022-12-21 13:02:15.731  INFO 8344 --- [restartedMain] o.a.c.c.C.[Tomcat].[localhost].[/]       : Initializing Spring embedded WebApplicationContext
2022-12-21 13:02:15.731  INFO 8344 --- [restartedMain] w.s.c.ServletWebServerApplicationContext : Root WebApplicationContext: initialization completed in 1395 ms
2022-12-21 13:02:15.823  INFO 8344 --- [restartedMain] com.zaxxer.hikari.HikariDataSource       : HikariPool-1 - Starting...
2022-12-21 13:02:16.128  INFO 8344 --- [restartedMain] com.zaxxer.hikari.HikariDataSource       : HikariPool-1 - Start completed.
2022-12-21 13:02:16.253  INFO 8344 --- [restartedMain] o.hibernate.jpa.internal.util.LogHelper  : HHH000204: Processing PersistenceUnitInfo [name: default]
2022-12-21 13:02:16.330  INFO 8344 --- [restartedMain] org.hibernate.Version                    : HHH000412: Hibernate ORM core version 5.4.32.Final
2022-12-21 13:02:16.458  INFO 8344 --- [restartedMain] o.hibernate.annotations.common.Version   : HCANN000001: Hibernate Commons Annotations {5.1.2.Final}
2022-12-21 13:02:16.590  INFO 8344 --- [restartedMain] org.hibernate.dialect.Dialect            : HHH000400: Using dialect: org.hibernate.dialect.MySQL8Dialect
2022-12-21 13:02:17.164  INFO 8344 --- [restartedMain] o.h.e.t.j.p.i.JtaPlatformInitiator       : HHH000490: Using JtaPlatform implementation: [org.hibernate.engine.transaction.jta.platform.internal.NoJtaPlatform]
2022-12-21 13:02:17.170  INFO 8344 --- [restartedMain] j.LocalContainerEntityManagerFactoryBean : Initialized JPA EntityManagerFactory for persistence unit 'default'
2022-12-21 13:02:17.497  WARN 8344 --- [restartedMain] JpaBaseConfiguration$JpaWebConfiguration : spring.jpa.open-in-view is enabled by default. Therefore, database queries may be performed during view rendering. Explicitly configure spring.jpa.open-in-view to disable this warning
2022-12-21 13:02:17.830  INFO 8344 --- [restartedMain] o.s.b.d.a.OptionalLiveReloadServer       : LiveReload server is running on port 35729
2022-12-21 13:02:17.861  INFO 8344 --- [restartedMain] o.s.b.w.embedded.tomcat.TomcatWebServer  : Tomcat started on port(s): 8080 (http) with context path ''
2022-12-21 13:02:17.874  INFO 8344 --- [restartedMain] M.TaskManagerApplication                 : Started TaskManagerApplication in 4.032 seconds (JVM running for 4.479)
2022-12-21 13:02:23.547  INFO 8344 --- [http-nio-8080-exec-1] o.a.c.c.C.[Tomcat].[localhost].[/]       : Initializing Spring DispatcherServlet 'dispatcherServlet'
2022-12-21 13:02:23.547  INFO 8344 --- [http-nio-8080-exec-1] o.s.web.servlet.DispatcherServlet        : Initializing Servlet 'dispatcherServlet'
2022-12-21 13:02:23.548  INFO 8344 --- [http-nio-8080-exec-1] o.s.web.servlet.DispatcherServlet        : Completed initialization in 1 ms
2022-12-21 13:03:49.548  INFO 8344 --- [SpringApplicationShutdownHook] j.LocalContainerEntityManagerFactoryBean : Closing JPA EntityManagerFactory for persistence unit 'default'
2022-12-21 13:03:49.551  INFO 8344 --- [SpringApplicationShutdownHook] com.zaxxer.hikari.HikariDataSource       : HikariPool-1 - Shutdown initiated...
2022-12-21 13:03:49.556  INFO 8344 --- [SpringApplicationShutdownHook] com.zaxxer.hikari.HikariDataSource       : HikariPool-1 - Shutdown completed.
2022-12-21 13:03:55.851  INFO 4332 --- [restartedMain] M.TaskManagerApplication                 : Starting TaskManagerApplication using Java 19.0.1 on DESKTOP-Q0ML80S with PID 4332 (C:\Users\DalalY\SpringBootProjects\TaskManagerTask\target\classes started by DalalY in C:\Users\DalalY\SpringBootProjects\TaskManagerTask)
2022-12-21 13:03:55.854  INFO 4332 --- [restartedMain] M.TaskManagerApplication                 : No active profile set, falling back to default profiles: default
2022-12-21 13:03:55.935  INFO 4332 --- [restartedMain] .e.DevToolsPropertyDefaultsPostProcessor : Devtools property defaults active! Set 'spring.devtools.add-properties' to 'false' to disable
2022-12-21 13:03:55.935  INFO 4332 --- [restartedMain] .e.DevToolsPropertyDefaultsPostProcessor : For additional web related logging consider setting the 'logging.level.web' property to 'DEBUG'
2022-12-21 13:03:56.498  INFO 4332 --- [restartedMain] .s.d.r.c.RepositoryConfigurationDelegate : Bootstrapping Spring Data JPA repositories in DEFAULT mode.
2022-12-21 13:03:56.556  INFO 4332 --- [restartedMain] .s.d.r.c.RepositoryConfigurationDelegate : Finished Spring Data repository scanning in 48 ms. Found 2 JPA repository interfaces.
2022-12-21 13:03:57.287  INFO 4332 --- [restartedMain] o.s.b.w.embedded.tomcat.TomcatWebServer  : Tomcat initialized with port(s): 8080 (http)
2022-12-21 13:03:57.377  INFO 4332 --- [restartedMain] w.s.c.ServletWebServerApplicationContext : Root WebApplicationContext: initialization completed in 1442 ms
2022-12-21 13:03:57.471  INFO 4332 --- [restartedMain] com.zaxxer.hikari.HikariDataSource       : HikariPool-1 - Starting...
2022-12-21 13:03:57.784  INFO 4332 --- [restartedMain] com.zaxxer.hikari.HikariDataSource       : HikariPool-1 - Start completed.
2022-12-21 13:03:57.963  INFO 4332 --- [restartedMain] o.hibernate.jpa.internal.util.LogHelper  : HHH000204: Processing PersistenceUnitInfo [name: default]
2022-12-21 13:03:58.050  INFO 4332 --- [restartedMain] org.hibernate.Version                    : HHH000412: Hibernate ORM core version 5.4.32.Final
2022-12-21 13:03:58.187  INFO 4332 --- [restartedMain] o.hibernate.annotations.common.Version   : HCANN000001: Hibernate Commons Annotations {5.1.2.Final}
2022-12-21 13:03:58.314  INFO 4332 --- [restartedMain] org.hibernate.dialect.Dialect            : HHH000400: Using dialect: org.hibernate.dialect.MySQL8Dialect
2022-12-21 13:03:58.904  INFO 4332 --- [restartedMain] o.h.e.t.j.p.i.JtaPlatformInitiator       : HHH000490: Using JtaPlatform implementation: [org.hibernate.engine.transaction.jta.platform.internal.NoJtaPlatform]
2022-12-21 13:03:58.911  INFO 4332 --- [restartedMain] j.LocalContainerEntityManagerFactoryBean : Initialized JPA EntityManagerFactory for persistence unit 'default'
2022-12-21 13:03:59.505  WARN 4332 --- [restartedMain] JpaBaseConfiguration$JpaWebConfiguration : spring.jpa.open-in-view is enabled by default. Therefore, database queries may be performed during view rendering. Explicitly configure spring.jpa.open-in-view to disable this warning
2022-12-21 13:03:59.962  INFO 4332 --- [restartedMain] o.s.b.d.a.OptionalLiveReloadServer       : LiveReload server is running on port 35729
2022-12-21 13:03:59.995  INFO 4332 --- [restartedMain] o.s.b.w.embedded.tomcat.TomcatWebServer  : Tomcat started on port(s): 8080 (http) with context path ''
2022-12-21 13:04:00.004  INFO 4332 --- [restartedMain] M.TaskManagerApplication                 : Started TaskManagerApplication in 4.581 seconds (JVM running for 5.046)
2022-12-21 13:04:00.025  INFO 4332 --- [SpringApplicationShutdownHook] j.LocalContainerEntityManagerFactoryBean : Closing JPA EntityManagerFactory for persistence unit 'default'
2022-12-21 13:04:00.029  INFO 4332 --- [SpringApplicationShutdownHook] com.zaxxer.hikari.HikariDataSource       : HikariPool-1 - Shutdown initiated...
2022-12-21 13:04:00.038  INFO 4332 --- [SpringApplicationShutdownHook] com.zaxxer.hikari.HikariDataSource       : HikariPool-1 - Shutdown completed.
2022-12-21 13:04:05.823  INFO 1684 --- [restartedMain] M.TaskManagerApplication                 : Starting TaskManagerApplication using Java 19.0.1 on DESKTOP-Q0ML80S with PID 1684 (C:\Users\DalalY\SpringBootProjects\TaskManagerTask\target\classes started by DalalY in C:\Users\DalalY\SpringBootProjects\TaskManagerTask)
2022-12-21 13:04:05.825  INFO 1684 --- [restartedMain] M.TaskManagerApplication                 : No active profile set, falling back to default profiles: default
2022-12-21 13:04:05.888  INFO 1684 --- [restartedMain] .e.DevToolsPropertyDefaultsPostProcessor : Devtools property defaults active! Set 'spring.devtools.add-properties' to 'false' to disable
2022-12-21 13:04:05.889  INFO 1684 --- [restartedMain] .e.DevToolsPropertyDefaultsPostProcessor : For additional web related logging consider setting the 'logging.level.web' property to 'DEBUG'
2022-12-21 13:04:06.596  INFO 1684 --- [restartedMain] .s.d.r.c.RepositoryConfigurationDelegate : Bootstrapping Spring Data JPA repositories in DEFAULT mode.
2022-12-21 13:04:06.676  INFO 1684 --- [restartedMain] .s.d.r.c.RepositoryConfigurationDelegate : Finished Spring Data repository scanning in 70 ms. Found 2 JPA repository interfaces.
2022-12-21 13:04:07.588  INFO 1684 --- [restartedMain] o.s.b.w.embedded.tomcat.TomcatWebServer  : Tomcat initialized with port(s): 8080 (http)
2022-12-21 13:04:07.626  INFO 1684 --- [restartedMain] o.apache.catalina.core.StandardService   : Starting service [Tomcat]
2022-12-21 13:04:07.627  INFO 1684 --- [restartedMain] org.apache.catalina.core.StandardEngine  : Starting Servlet engine: [Apache Tomcat/9.0.46]
2022-12-21 13:04:07.715  INFO 1684 --- [restartedMain] o.a.c.c.C.[Tomcat].[localhost].[/]       : Initializing Spring embedded WebApplicationContext
2022-12-21 13:04:07.716  INFO 1684 --- [restartedMain] w.s.c.ServletWebServerApplicationContext : Root WebApplicationContext: initialization completed in 1827 ms
2022-12-21 13:04:07.849  INFO 1684 --- [restartedMain] com.zaxxer.hikari.HikariDataSource       : HikariPool-1 - Starting...
2022-12-21 13:04:08.223  INFO 1684 --- [restartedMain] com.zaxxer.hikari.HikariDataSource       : HikariPool-1 - Start completed.
2022-12-21 13:04:08.405  INFO 1684 --- [restartedMain] o.hibernate.jpa.internal.util.LogHelper  : HHH000204: Processing PersistenceUnitInfo [name: default]
2022-12-21 13:04:08.492  INFO 1684 --- [restartedMain] org.hibernate.Version                    : HHH000412: Hibernate ORM core version 5.4.32.Final
2022-12-21 13:04:08.625  INFO 1684 --- [restartedMain] o.hibernate.annotations.common.Version   : HCANN000001: Hibernate Commons Annotations {5.1.2.Final}
2022-12-21 13:04:08.796  INFO 1684 --- [restartedMain] org.hibernate.dialect.Dialect            : HHH000400: Using dialect: org.hibernate.dialect.MySQL8Dialect
2022-12-21 13:04:09.531  INFO 1684 --- [restartedMain] o.h.e.t.j.p.i.JtaPlatformInitiator       : HHH000490: Using JtaPlatform implementation: [org.hibernate.engine.transaction.jta.platform.internal.NoJtaPlatform]
2022-12-21 13:04:09.539  INFO 1684 --- [restartedMain] j.LocalContainerEntityManagerFactoryBean : Initialized JPA EntityManagerFactory for persistence unit 'default'
2022-12-21 13:04:10.057  WARN 1684 --- [restartedMain] JpaBaseConfiguration$JpaWebConfiguration : spring.jpa.open-in-view is enabled by default. Therefore, database queries may be performed during view rendering. Explicitly configure spring.jpa.open-in-view to disable this warning
2022-12-21 13:04:10.484  INFO 1684 --- [restartedMain] o.s.b.d.a.OptionalLiveReloadServer       : LiveReload server is running on port 35729
2022-12-21 13:04:10.523  INFO 1684 --- [restartedMain] o.s.b.w.embedded.tomcat.TomcatWebServer  : Tomcat started on port(s): 8080 (http) with context path ''
2022-12-21 13:04:10.535  INFO 1684 --- [restartedMain] M.TaskManagerApplication                 : Started TaskManagerApplication in 5.178 seconds (JVM running for 6.841)
2022-12-21 13:04:15.610  INFO 1684 --- [http-nio-8080-exec-1] o.a.c.c.C.[Tomcat].[localhost].[/]       : Initializing Spring DispatcherServlet 'dispatcherServlet'
2022-12-21 13:04:15.611  INFO 1684 --- [http-nio-8080-exec-1] o.s.web.servlet.DispatcherServlet        : Initializing Servlet 'dispatcherServlet'
2022-12-21 13:04:15.611  INFO 1684 --- [http-nio-8080-exec-1] o.s.web.servlet.DispatcherServlet        : Completed initialization in 0 ms
2022-12-21 13:05:50.384  WARN 1684 --- [HikariPool-1 housekeeper] com.zaxxer.hikari.pool.HikariPool        : HikariPool-1 - Thread starvation or clock leap detected (housekeeper delta=1m42s58ms493µs500ns).
2022-12-21 13:05:50.998  INFO 1684 --- [SpringApplicationShutdownHook] j.LocalContainerEntityManagerFactoryBean : Closing JPA EntityManagerFactory for persistence unit 'default'
2022-12-21 13:05:51.002  INFO 1684 --- [SpringApplicationShutdownHook] com.zaxxer.hikari.HikariDataSource       : HikariPool-1 - Shutdown initiated...
2022-12-21 13:05:51.011  INFO 1684 --- [SpringApplicationShutdownHook] com.zaxxer.hikari.HikariDataSource       : HikariPool-1 - Shutdown completed.
2022-12-21 13:06:07.398  INFO 8780 --- [restartedMain] M.TaskManagerApplication                 : Starting TaskManagerApplication using Java 19.0.1 on DESKTOP-Q0ML80S with PID 8780 (C:\Users\DalalY\SpringBootProjects\TaskManagerTask\target\classes started by DalalY in C:\Users\DalalY\SpringBootProjects\TaskManagerTask)
2022-12-21 13:06:07.401  INFO 8780 --- [restartedMain] M.TaskManagerApplication                 : No active profile set, falling back to default profiles: default
2022-12-21 13:06:07.477  INFO 8780 --- [restartedMain] .e.DevToolsPropertyDefaultsPostProcessor : Devtools property defaults active! Set 'spring.devtools.add-properties' to 'false' to disable
2022-12-21 13:06:07.477  INFO 8780 --- [restartedMain] .e.DevToolsPropertyDefaultsPostProcessor : For additional web related logging consider setting the 'logging.level.web' property to 'DEBUG'
2022-12-21 13:06:08.221  INFO 8780 --- [restartedMain] .s.d.r.c.RepositoryConfigurationDelegate : Bootstrapping Spring Data JPA repositories in DEFAULT mode.
2022-12-21 13:06:08.305  INFO 8780 --- [restartedMain] .s.d.r.c.RepositoryConfigurationDelegate : Finished Spring Data repository scanning in 69 ms. Found 2 JPA repository interfaces.
2022-12-21 13:06:09.169  INFO 8780 --- [restartedMain] o.s.b.w.embedded.tomcat.TomcatWebServer  : Tomcat initialized with port(s): 8080 (http)
2022-12-21 13:06:09.185  INFO 8780 --- [restartedMain] o.apache.catalina.core.StandardService   : Starting service [Tomcat]
2022-12-21 13:06:09.185  INFO 8780 --- [restartedMain] org.apache.catalina.core.StandardEngine  : Starting Servlet engine: [Apache Tomcat/9.0.46]
2022-12-21 13:06:09.271  INFO 8780 --- [restartedMain] o.a.c.c.C.[Tomcat].[localhost].[/]       : Initializing Spring embedded WebApplicationContext
2022-12-21 13:06:09.271  INFO 8780 --- [restartedMain] w.s.c.ServletWebServerApplicationContext : Root WebApplicationContext: initialization completed in 1793 ms
2022-12-21 13:06:09.381  INFO 8780 --- [restartedMain] com.zaxxer.hikari.HikariDataSource       : HikariPool-1 - Starting...
2022-12-21 13:06:09.720  INFO 8780 --- [restartedMain] com.zaxxer.hikari.HikariDataSource       : HikariPool-1 - Start completed.
2022-12-21 13:06:09.871  INFO 8780 --- [restartedMain] o.hibernate.jpa.internal.util.LogHelper  : HHH000204: Processing PersistenceUnitInfo [name: default]
2022-12-21 13:06:09.959  INFO 8780 --- [restartedMain] org.hibernate.Version                    : HHH000412: Hibernate ORM core version 5.4.32.Final
2022-12-21 13:06:10.126  INFO 8780 --- [restartedMain] o.hibernate.annotations.common.Version   : HCANN000001: Hibernate Commons Annotations {5.1.2.Final}
2022-12-21 13:06:10.284  INFO 8780 --- [restartedMain] org.hibernate.dialect.Dialect            : HHH000400: Using dialect: org.hibernate.dialect.MySQL8Dialect
2022-12-21 13:06:10.970  INFO 8780 --- [restartedMain] o.h.e.t.j.p.i.JtaPlatformInitiator       : HHH000490: Using JtaPlatform implementation: [org.hibernate.engine.transaction.jta.platform.internal.NoJtaPlatform]
2022-12-21 13:06:10.978  INFO 8780 --- [restartedMain] j.LocalContainerEntityManagerFactoryBean : Initialized JPA EntityManagerFactory for persistence unit 'default'
2022-12-21 13:06:11.406  WARN 8780 --- [restartedMain] JpaBaseConfiguration$JpaWebConfiguration : spring.jpa.open-in-view is enabled by default. Therefore, database queries may be performed during view rendering. Explicitly configure spring.jpa.open-in-view to disable this warning
2022-12-21 13:06:11.835  INFO 8780 --- [restartedMain] o.s.b.d.a.OptionalLiveReloadServer       : LiveReload server is running on port 35729
2022-12-21 13:06:11.873  INFO 8780 --- [restartedMain] o.s.b.w.embedded.tomcat.TomcatWebServer  : Tomcat started on port(s): 8080 (http) with context path ''
2022-12-21 13:06:11.883  INFO 8780 --- [restartedMain] M.TaskManagerApplication                 : Started TaskManagerApplication in 5.078 seconds (JVM running for 5.782)
2022-12-21 13:06:16.219  INFO 8780 --- [http-nio-8080-exec-1] o.a.c.c.C.[Tomcat].[localhost].[/]       : Initializing Spring DispatcherServlet 'dispatcherServlet'
2022-12-21 13:06:16.220  INFO 8780 --- [http-nio-8080-exec-1] o.s.web.servlet.DispatcherServlet        : Initializing Servlet 'dispatcherServlet'
2022-12-21 13:06:16.221  INFO 8780 --- [http-nio-8080-exec-1] o.s.web.servlet.DispatcherServlet        : Completed initialization in 1 ms
2022-12-21 13:07:14.003  WARN 8780 --- [HikariPool-1 housekeeper] com.zaxxer.hikari.pool.HikariPool        : HikariPool-1 - Thread starvation or clock leap detected (housekeeper delta=1m4s172ms325µs600ns).
2022-12-21 13:07:14.622  INFO 8780 --- [SpringApplicationShutdownHook] j.LocalContainerEntityManagerFactoryBean : Closing JPA EntityManagerFactory for persistence unit 'default'
2022-12-21 13:07:14.625  INFO 8780 --- [SpringApplicationShutdownHook] com.zaxxer.hikari.HikariDataSource       : HikariPool-1 - Shutdown initiated...
2022-12-21 13:07:14.639  INFO 8780 --- [SpringApplicationShutdownHook] com.zaxxer.hikari.HikariDataSource       : HikariPool-1 - Shutdown completed.
